<Characters>
  <naam age="17" Skill="Porn">Lars</naam>
</Characters>